[2025-02-14 00:00:21] - [INFO] - [qq|2875548981] - [OvOautomsg] - <send> - Group(1098529435): 晚安，我们在梦见相会
[2025-02-14 00:40:20] - [WARN] - [OlivaDice] - [autoupdate] - 访问更新检测接口失败!
[2025-02-14 01:40:20] - [WARN] - [OlivaDice] - [autoupdate] - 访问更新检测接口失败!
[2025-02-14 02:40:20] - [WARN] - [OlivaDice] - [autoupdate] - 访问更新检测接口失败!
[2025-02-14 03:40:21] - [WARN] - [OlivaDice] - [autoupdate] - 访问更新检测接口失败!
[2025-02-14 04:40:21] - [WARN] - [OlivaDice] - [autoupdate] - 访问更新检测接口失败!
[2025-02-14 05:40:21] - [WARN] - [OlivaDice] - [autoupdate] - 访问更新检测接口失败!
[2025-02-14 06:40:21] - [WARN] - [OlivaDice] - [autoupdate] - 访问更新检测接口失败!
[2025-02-14 07:40:21] - [WARN] - [OlivaDice] - [autoupdate] - 访问更新检测接口失败!
[2025-02-14 08:40:21] - [WARN] - [OlivaDice] - [autoupdate] - 访问更新检测接口失败!
[2025-02-14 09:00:03] - [INFO] - [qq|2875548981] - [OvOautomsg] - <send> - Group(1098529435): 早安，昨天有梦见我吗
[2025-02-14 09:40:21] - [WARN] - [OlivaDice] - [autoupdate] - 访问更新检测接口失败!
[2025-02-14 10:40:21] - [WARN] - [OlivaDice] - [autoupdate] - 访问更新检测接口失败!
[2025-02-14 11:40:21] - [WARN] - [OlivaDice] - [autoupdate] - 访问更新检测接口失败!
[2025-02-14 12:00:05] - [INFO] - [qq|2875548981] - [OvOautomsg] - <send> - Group(1098529435): 午安，在我的演奏下安静地睡着吧
[2025-02-14 12:40:21] - [WARN] - [OlivaDice] - [autoupdate] - 访问更新检测接口失败!
[2025-02-14 13:40:21] - [WARN] - [OlivaDice] - [autoupdate] - 访问更新检测接口失败!
[2025-02-14 14:40:21] - [WARN] - [OlivaDice] - [autoupdate] - 访问更新检测接口失败!
[2025-02-14 15:40:21] - [WARN] - [OlivaDice] - [autoupdate] - 访问更新检测接口失败!
[2025-02-14 16:40:22] - [WARN] - [OlivaDice] - [autoupdate] - 访问更新检测接口失败!
[2025-02-14 17:40:22] - [WARN] - [OlivaDice] - [autoupdate] - 访问更新检测接口失败!
[2025-02-14 18:40:22] - [WARN] - [OlivaDice] - [autoupdate] - 访问更新检测接口失败!
[2025-02-14 19:40:22] - [WARN] - [OlivaDice] - [autoupdate] - 访问更新检测接口失败!
[2025-02-14 20:40:22] - [WARN] - [OlivaDice] - [autoupdate] - 访问更新检测接口失败!
[2025-02-14 21:40:22] - [WARN] - [OlivaDice] - [autoupdate] - 访问更新检测接口失败!
[2025-02-14 22:00:04] - [INFO] - [qq|2875548981] - [OvOautomsg] - <send> - Group(1098529435): 夜安，要早些休息哦
[2025-02-14 22:40:22] - [WARN] - [OlivaDice] - [autoupdate] - 访问更新检测接口失败!
[2025-02-14 23:40:22] - [WARN] - [OlivaDice] - [autoupdate] - 访问更新检测接口失败!
