[2025-02-14 00:00:06] [WARNING]: Error getting sso sign: websocket: bad handshake. server: wss://qsign.trpgbot.com/ws 
[2025-02-14 00:29:02] [WARNING]: rkey expired. refresh... 
[2025-02-14 01:22:08] [WARNING]: Unknown businessType = 21 
[2025-02-14 01:29:12] [WARNING]: rkey expired. refresh... 
[2025-02-14 02:31:04] [WARNING]: rkey expired. refresh... 
[2025-02-14 03:49:10] [WARNING]: rkey expired. refresh... 
[2025-02-14 07:00:41] [WARNING]: rkey expired. refresh... 
[2025-02-14 08:01:28] [WARNING]: rkey expired. refresh... 
[2025-02-14 08:58:46] [WARNING]: rkey expired. refresh... 
[2025-02-14 09:09:01] [ERROR]: Protocol -> unmarshal sub msg 0x4 error: unmarshal sub msg 0x4 error: field number 1 with wire type 0: expected wire type 2, hex: 0804120d0801100118e9072000480150033247088180c499081001180020052a390a37080112330a2b0a19636f6d2e74656e63656e742e71712e66696c6562726964676510944e180020bce08190d0322a0032001a0450b48d06 
[2025-02-14 09:56:14] [WARNING]: rkey expired. refresh... 
[2025-02-14 10:54:38] [WARNING]: rkey expired. refresh... 
[2025-02-14 11:14:22] [WARNING]: Unknown businessType = 21 
[2025-02-14 11:52:02] [WARNING]: rkey expired. refresh... 
[2025-02-14 12:34:44] [WARNING]: Unknown businessType = 21 
[2025-02-14 12:49:07] [WARNING]: rkey expired. refresh... 
[2025-02-14 13:21:08] [WARNING]: Unknown businessType = 21 
[2025-02-14 13:51:50] [WARNING]: rkey expired. refresh... 
[2025-02-14 14:51:56] [WARNING]: rkey expired. refresh... 
[2025-02-14 15:40:02] [WARNING]: Unknown businessType = 21 
[2025-02-14 15:50:25] [WARNING]: rkey expired. refresh... 
[2025-02-14 16:47:30] [WARNING]: rkey expired. refresh... 
[2025-02-14 16:59:22] [WARNING]: Unknown businessType = 21 
[2025-02-14 17:45:32] [WARNING]: rkey expired. refresh... 
[2025-02-14 18:45:05] [WARNING]: rkey expired. refresh... 
[2025-02-14 19:42:08] [WARNING]: rkey expired. refresh... 
[2025-02-14 20:05:03] [WARNING]: Unknown businessType = 21 
[2025-02-14 20:05:03] [WARNING]: Unknown businessType = 21 
[2025-02-14 20:39:41] [WARNING]: rkey expired. refresh... 
[2025-02-14 21:25:37] [WARNING]: Unknown businessType = 21 
[2025-02-14 21:32:05] [ERROR]: Cannot Found OnlinePush GroupId: 4142201204 
[2025-02-14 21:38:11] [WARNING]: rkey expired. refresh... 
[2025-02-14 22:25:37] [WARNING]: Unknown businessType = 21 
[2025-02-14 22:45:10] [WARNING]: 转换消息 [CQ:image,file=https://i.pixiv.re/img-original/img/2021/01/21/18/00/00/87200349_p0.jpg] 到MiraiGo Element时出现错误: context deadline exceeded (Client.Timeout or context cancellation while reading body). 
[2025-02-14 22:49:33] [WARNING]: rkey expired. refresh... 
[2025-02-14 22:55:47] [WARNING]: 群 1098529435 发送消息失败: 账号可能被风控. 
[2025-02-14 23:21:16] [WARNING]: Unknown businessType = 21 
[2025-02-14 23:30:13] [WARNING]: Unknown businessType = 21 
[2025-02-14 23:47:21] [WARNING]: rkey expired. refresh... 
