[2025-02-15 00:00:13] [WARNING]: Error getting sso sign: websocket: bad handshake. server: wss://qsign.trpgbot.com/ws 
[2025-02-15 00:00:20] [WARNING]: Error getting sso sign: websocket: bad handshake. server: wss://qsign.trpgbot.com/ws 
[2025-02-15 00:44:32] [WARNING]: rkey expired. refresh... 
[2025-02-15 01:42:54] [WARNING]: rkey expired. refresh... 
[2025-02-15 02:42:32] [WARNING]: rkey expired. refresh... 
[2025-02-15 04:29:46] [WARNING]: rkey expired. refresh... 
[2025-02-15 07:29:23] [WARNING]: rkey expired. refresh... 
[2025-02-15 09:01:56] [WARNING]: rkey expired. refresh... 
[2025-02-15 10:09:48] [WARNING]: rkey expired. refresh... 
[2025-02-15 10:48:29] [WARNING]: Unknown businessType = 21 
[2025-02-15 11:13:13] [WARNING]: rkey expired. refresh... 
[2025-02-15 12:00:02] [WARNING]: Current server wss://qsign.trpgbot.com/ws unavailable, searching for a new one 
[2025-02-15 12:00:07] [WARNING]: WebSocket check failed for wss://qsign-v3.trpgbot.com/ws, error: websocket: bad handshake 
[2025-02-15 12:00:07] [WARNING]: Checking server: wss://qsign-v3.trpgbot.com/ws (4/7) failed! 
[2025-02-15 12:00:14] [WARNING]: 群 1098529435 发送消息失败: 账号可能被风控. 
[2025-02-15 12:14:48] [WARNING]: Unknown businessType = 21 
[2025-02-15 12:16:48] [WARNING]: rkey expired. refresh... 
[2025-02-15 13:16:54] [WARNING]: rkey expired. refresh... 
[2025-02-15 14:14:09] [WARNING]: 转换消息 [CQ:image,file=https://i.pixiv.re/img-original/img/2023/09/06/23/09/35/111502592_p0.png] 到MiraiGo Element时出现错误: context deadline exceeded (Client.Timeout or context cancellation while reading body). 
[2025-02-15 14:14:45] [WARNING]: rkey expired. refresh... 
[2025-02-15 14:23:04] [WARNING]: 转换消息 [CQ:image,file=https://i.pixiv.re/img-original/img/2022/08/04/07/45/12/100219206_p0.png] 到MiraiGo Element时出现错误: context deadline exceeded (Client.Timeout or context cancellation while reading body). 
[2025-02-15 14:34:16] [WARNING]: Bot已离线: 服务端强制下线. 
